<?xml version="1.0" encoding="UTF-8"?>
<!-- Generated by org.testng.reporters.JUnitReportReporter -->
<testsuite hostname="LAPTOP-DDAIILUL" failures="0" tests="1" name="xpaths.dynamic" time="29.922" errors="0" timestamp="2024-07-20T18:08:41 IST" skipped="0">
  <testcase classname="xpaths.dynamic" name="table" time="29.922"/>
  <system-out/>
</testsuite> <!-- xpaths.dynamic -->
